0 info it worked if it ends with ok
1 verbose cli [ '/usr/local/bin/node',
1 verbose cli   '/usr/local/bin/npm',
1 verbose cli   'install',
1 verbose cli   'typescript',
1 verbose cli   '-g' ]
2 info using npm@3.9.3
3 info using node@v6.2.1
4 silly loadCurrentTree Starting
5 silly install loadCurrentTree
6 silly install readGlobalPackageData
7 silly fetchPackageMetaData typescript
8 silly fetchNamedPackageData typescript
9 silly mapToRegistry name typescript
10 silly mapToRegistry using default registry
11 silly mapToRegistry registry https://registry.npmjs.org/
12 silly mapToRegistry data Result {
12 silly mapToRegistry   raw: 'typescript',
12 silly mapToRegistry   scope: null,
12 silly mapToRegistry   name: 'typescript',
12 silly mapToRegistry   rawSpec: '',
12 silly mapToRegistry   spec: 'latest',
12 silly mapToRegistry   type: 'tag' }
13 silly mapToRegistry uri https://registry.npmjs.org/typescript
14 verbose request uri https://registry.npmjs.org/typescript
15 verbose request no auth needed
16 info attempt registry request try #1 at 5:38:39 PM
17 verbose request id c9490272b6dde96d
18 verbose etag "B29B087D0XC3RYWRFRQ29W9NB"
19 http request GET https://registry.npmjs.org/typescript
20 http 304 https://registry.npmjs.org/typescript
21 verbose headers { date: 'Mon, 04 Jul 2016 00:38:40 GMT',
21 verbose headers   via: '1.1 varnish',
21 verbose headers   'cache-control': 'max-age=300',
21 verbose headers   etag: '"B29B087D0XC3RYWRFRQ29W9NB"',
21 verbose headers   age: '232',
21 verbose headers   connection: 'keep-alive',
21 verbose headers   'x-served-by': 'cache-sea1921-SEA',
21 verbose headers   'x-cache': 'HIT',
21 verbose headers   'x-cache-hits': '1',
21 verbose headers   'x-timer': 'S1467592720.072574,VS0,VE0',
21 verbose headers   vary: 'Accept-Encoding' }
22 silly get cb [ 304,
22 silly get   { date: 'Mon, 04 Jul 2016 00:38:40 GMT',
22 silly get     via: '1.1 varnish',
22 silly get     'cache-control': 'max-age=300',
22 silly get     etag: '"B29B087D0XC3RYWRFRQ29W9NB"',
22 silly get     age: '232',
22 silly get     connection: 'keep-alive',
22 silly get     'x-served-by': 'cache-sea1921-SEA',
22 silly get     'x-cache': 'HIT',
22 silly get     'x-cache-hits': '1',
22 silly get     'x-timer': 'S1467592720.072574,VS0,VE0',
22 silly get     vary: 'Accept-Encoding' } ]
23 verbose etag https://registry.npmjs.org/typescript from cache
24 verbose get saving typescript to /Users/nanzhao/.npm/registry.npmjs.org/typescript/.cache.json
25 verbose correctMkdir /Users/nanzhao/.npm correctMkdir not in flight; initializing
26 silly install normalizeTree
27 silly loadCurrentTree Finishing
28 silly loadIdealTree Starting
29 silly install loadIdealTree
30 silly cloneCurrentTree Starting
31 silly install cloneCurrentTreeToIdealTree
32 silly cloneCurrentTree Finishing
33 silly loadShrinkwrap Starting
34 silly install loadShrinkwrap
35 silly loadShrinkwrap Finishing
36 silly loadAllDepsIntoIdealTree Starting
37 silly install loadAllDepsIntoIdealTree
38 silly resolveWithNewModule typescript@1.8.10 checking installable status
39 silly cache add args [ 'typescript', null ]
40 verbose cache add spec typescript
41 silly cache add parsed spec Result {
41 silly cache add   raw: 'typescript',
41 silly cache add   scope: null,
41 silly cache add   name: 'typescript',
41 silly cache add   rawSpec: '',
41 silly cache add   spec: 'latest',
41 silly cache add   type: 'tag' }
42 silly addNamed typescript@latest
43 verbose addNamed "latest" is being treated as a dist-tag for typescript
44 info addNameTag [ 'typescript', 'latest' ]
45 silly mapToRegistry name typescript
46 silly mapToRegistry using default registry
47 silly mapToRegistry registry https://registry.npmjs.org/
48 silly mapToRegistry data Result {
48 silly mapToRegistry   raw: 'typescript',
48 silly mapToRegistry   scope: null,
48 silly mapToRegistry   name: 'typescript',
48 silly mapToRegistry   rawSpec: '',
48 silly mapToRegistry   spec: 'latest',
48 silly mapToRegistry   type: 'tag' }
49 silly mapToRegistry uri https://registry.npmjs.org/typescript
50 verbose addNameTag registry:https://registry.npmjs.org/typescript not in flight; fetching
51 verbose get https://registry.npmjs.org/typescript not expired, no request
52 silly addNameTag next cb for typescript with tag latest
53 silly addNamed typescript@1.8.10
54 verbose addNamed "1.8.10" is a plain semver version for typescript
55 silly cache afterAdd typescript@1.8.10
56 verbose afterAdd /Users/nanzhao/.npm/typescript/1.8.10/package/package.json not in flight; writing
57 verbose correctMkdir /Users/nanzhao/.npm correctMkdir not in flight; initializing
58 verbose afterAdd /Users/nanzhao/.npm/typescript/1.8.10/package/package.json written
59 silly loadAllDepsIntoIdealTree Finishing
60 silly idealTree:prePrune lib
60 silly idealTree:prePrune `-- typescript@1.8.10
61 silly loadIdealTree Finishing
62 silly currentTree lib
62 silly currentTree `-- typescript@1.8.10
63 silly idealTree lib
63 silly idealTree `-- typescript@1.8.10
64 silly generateActionsToTake Starting
65 silly install generateActionsToTake
66 warn checkPermissions Missing write access to /usr/local/lib/node_modules/typescript
67 warn checkPermissions Missing write access to /usr/local/lib/node_modules
68 silly rollbackFailedOptional Starting
69 silly rollbackFailedOptional Finishing
70 silly runTopLevelLifecycles Starting
71 silly runTopLevelLifecycles Finishing
72 silly install printInstalled
73 verbose stack Error: EACCES: permission denied, access '/usr/local/lib/node_modules/typescript'
73 verbose stack     at Error (native)
74 verbose cwd /Users/nanzhao/WebstormProjects/Angular2Template
75 error Darwin 15.3.0
76 error argv "/usr/local/bin/node" "/usr/local/bin/npm" "install" "typescript" "-g"
77 error node v6.2.1
78 error npm  v3.9.3
79 error path /usr/local/lib/node_modules/typescript
80 error code EACCES
81 error errno -13
82 error syscall access
83 error Error: EACCES: permission denied, access '/usr/local/lib/node_modules/typescript'
83 error     at Error (native)
83 error  { Error: EACCES: permission denied, access '/usr/local/lib/node_modules/typescript'
83 error     at Error (native)
83 error   errno: -13,
83 error   code: 'EACCES',
83 error   syscall: 'access',
83 error   path: '/usr/local/lib/node_modules/typescript' }
84 error Please try running this command again as root/Administrator.
85 verbose exit [ -13, true ]
